<?xml version="1.0" encoding="UTF-8"?>
<testsuite xmlns:xsi="http://www.w3.org/2001/XMLSchema-instance" xsi:noNamespaceSchemaLocation="https://maven.apache.org/surefire/maven-surefire-plugin/xsd/surefire-test-report.xsd" name="pl.edu.pw.ee.LongestCommonSubsequenceTest" time="0.05" tests="17" errors="0" skipped="0" failures="0">
  <properties>
[...]
</properties>
  <testcase name="should_CorrectlyFind_WhenAverageStrings_FindLCSMethod" classname="pl.edu.pw.ee.LongestCommonSubsequenceTest" time="0.006"/>
  <testcase name="should_CorrectlyFindLCS_WhenSpecialSignsInColumn_FindLCSMethod" classname="pl.edu.pw.ee.LongestCommonSubsequenceTest" time="0.009"/>
  <testcase name="should_ReturnEmptyString_WhenOneOfTheStringsIsNull_FindLCSMethod" classname="pl.edu.pw.ee.LongestCommonSubsequenceTest" time="0"/>
  <testcase name="should_CorrectlyPrintDisplay_WhenEmptyString_DisplayMethod" classname="pl.edu.pw.ee.LongestCommonSubsequenceTest" time="0"/>
  <testcase name="should_CorrectlyFindLCS_WhenStringsAreLong_FindLCSMethod" classname="pl.edu.pw.ee.LongestCommonSubsequenceTest" time="0.025"/>
  <testcase name="should_CorrectlyFindLCS_WhenSpecialSignsInRow_FindLCSMethod" classname="pl.edu.pw.ee.LongestCommonSubsequenceTest" time="0.001"/>
  <testcase name="should_CorrectlyFindLCS_WhenSpaceIncluded_FindLCSMethod" classname="pl.edu.pw.ee.LongestCommonSubsequenceTest" time="0.001"/>
  <testcase name="should_CorrectlyFindLCS_WhenStringsDontHaveCommon_FindLCSMethod" classname="pl.edu.pw.ee.LongestCommonSubsequenceTest" time="0"/>
  <testcase name="should_CorrectlyFindLCS_WhenOneLetterString_Differ_FindLCSMethod" classname="pl.edu.pw.ee.LongestCommonSubsequenceTest" time="0"/>
  <testcase name="should_DoNothing_WhenStringIsNull_DisplayMethod" classname="pl.edu.pw.ee.LongestCommonSubsequenceTest" time="0.001"/>
  <testcase name="should_CorrectlyPrintDisplay_WhenAverageStrings_DisplayMethod" classname="pl.edu.pw.ee.LongestCommonSubsequenceTest" time="0"/>
  <testcase name="should_CorrectlyFindLCS_WhenOneLetterString_TheSame_FindLCSMethod" classname="pl.edu.pw.ee.LongestCommonSubsequenceTest" time="0"/>
  <testcase name="should_DoNotThrowErrorOrException_WhenStringIsEmpty_DisplayMethod" classname="pl.edu.pw.ee.LongestCommonSubsequenceTest" time="0"/>
  <testcase name="should_ThrowException_WhenDisplayUsedBefore_DisplayMethod" classname="pl.edu.pw.ee.LongestCommonSubsequenceTest" time="0.001"/>
  <testcase name="should_DoNotThrowErrorOrException_WhenBothStringsAreEmpty_DisplayMethod" classname="pl.edu.pw.ee.LongestCommonSubsequenceTest" time="0"/>
  <testcase name="should_CorrectlyFindLCS_WhenTheSameStrings_FindLCSMethod" classname="pl.edu.pw.ee.LongestCommonSubsequenceTest" time="0.001"/>
  <testcase name="should_CorrectlyFindLCS_WhenOnlySpecialSigns_FindLCSMethod" classname="pl.edu.pw.ee.LongestCommonSubsequenceTest" time="0.001"/>
</testsuite>